<?xml version="1.0" encoding="UTF-8"?>
<!-- Generated by org.testng.reporters.JUnitXMLReporter -->
<testsuite ignored="0" hostname="DESKTOP-55O4248" failures="0" tests="3" name="Test" time="217.945" errors="0" timestamp="2022-02-07T10:11:16 IST">
  <testcase classname="com.banking.tests.Tc_LoginTest" name="logintest" time="14.962"/>
  <testcase classname="com.banking.tests.Tc_LoginTest" name="verifyPagetitle" time="0.204"/>
  <testcase classname="com.banking.tests.TC_InvalidLoginTest" name="invalidlogin" time="0.0">
    <skipped/>
  </testcase> <!-- invalidlogin -->
</testsuite> <!-- Test -->
