<?xml version="1.0" encoding="UTF-8"?>
<testng-results ignored="0" total="3" passed="2" failed="0" skipped="1">
  <reporter-output>
  </reporter-output>
  <suite started-at="2022-02-04T16:12:42 IST" name="Suite" finished-at="2022-02-04T16:13:35 IST" duration-ms="52555">
    <groups>
    </groups>
    <test started-at="2022-02-04T16:12:42 IST" name="Test" finished-at="2022-02-04T16:13:35 IST" duration-ms="52555">
      <class name="com.banking.tests.TC_InvalidLoginTest">
        <test-method is-config="true" signature="setup(java.lang.String)[pri:0, instance:com.banking.tests.TC_InvalidLoginTest@2dc54ad4]" started-at="2022-02-04T16:13:15 IST" name="setup" finished-at="2022-02-04T16:13:29 IST" duration-ms="13693" status="PASS">
          <params>
            <param index="0">
              <value>
                <![CDATA[chrome]]>
              </value>
            </param>
          </params>
          <reporter-output>
          </reporter-output>
        </test-method> <!-- setup -->
        <test-method signature="invalidlogin()[pri:0, instance:com.banking.tests.TC_InvalidLoginTest@2dc54ad4]" started-at="2022-02-04T16:13:33 IST" name="invalidlogin" data-provider="LoginData" finished-at="2022-02-04T16:13:33 IST" duration-ms="0" status="SKIP">
          <exception class="java.lang.RuntimeException">
            <message>
              <![CDATA[java.lang.NoSuchFieldError: Factory]]>
            </message>
            <full-stacktrace>
              <![CDATA[java.lang.RuntimeException: java.lang.NoSuchFieldError: Factory
at org.testng.internal.invokers.MethodInvocationHelper.invokeMethodNoCheckedException(MethodInvocationHelper.java:53)
at org.testng.internal.invokers.MethodInvocationHelper.invokeDataProvider(MethodInvocationHelper.java:153)
at org.testng.internal.Parameters.handleParameters(Parameters.java:767)
at org.testng.internal.Parameters.handleParameters(Parameters.java:704)
at org.testng.internal.invokers.ParameterHandler.handleParameters(ParameterHandler.java:70)
at org.testng.internal.invokers.ParameterHandler.createParameters(ParameterHandler.java:49)
at org.testng.internal.invokers.TestInvoker$MethodInvocationAgent.invoke(TestInvoker.java:904)
at org.testng.internal.invokers.TestInvoker.invokeTestMethods(TestInvoker.java:193)
at org.testng.internal.invokers.TestMethodWorker.invokeTestMethods(TestMethodWorker.java:146)
at org.testng.internal.invokers.TestMethodWorker.run(TestMethodWorker.java:128)
at java.base/java.util.ArrayList.forEach(ArrayList.java:1541)
at org.testng.TestRunner.privateRun(TestRunner.java:808)
at org.testng.TestRunner.run(TestRunner.java:603)
at org.testng.SuiteRunner.runTest(SuiteRunner.java:429)
at org.testng.SuiteRunner.runSequentially(SuiteRunner.java:423)
at org.testng.SuiteRunner.privateRun(SuiteRunner.java:383)
at org.testng.SuiteRunner.run(SuiteRunner.java:326)
at org.testng.SuiteRunnerWorker.runSuite(SuiteRunnerWorker.java:52)
at org.testng.SuiteRunnerWorker.run(SuiteRunnerWorker.java:95)
at org.testng.TestNG.runSuitesSequentially(TestNG.java:1249)
at org.testng.TestNG.runSuitesLocally(TestNG.java:1169)
at org.testng.TestNG.runSuites(TestNG.java:1092)
at org.testng.TestNG.run(TestNG.java:1060)
at org.testng.remote.AbstractRemoteTestNG.run(AbstractRemoteTestNG.java:115)
at org.testng.remote.RemoteTestNG.initAndRun(RemoteTestNG.java:251)
at org.testng.remote.RemoteTestNG.main(RemoteTestNG.java:77)
Caused by: java.lang.NoSuchFieldError: Factory
at org.apache.poi.xssf.model.ThemesTable.readFrom(ThemesTable.java:119)
at org.apache.poi.xssf.model.ThemesTable.<init>(ThemesTable.java:87)
at org.apache.poi.ooxml.POIXMLFactory.createDocumentPart(POIXMLFactory.java:61)
at org.apache.poi.ooxml.POIXMLDocumentPart.read(POIXMLDocumentPart.java:661)
at org.apache.poi.ooxml.POIXMLDocument.load(POIXMLDocument.java:165)
at org.apache.poi.xssf.usermodel.XSSFWorkbook.<init>(XSSFWorkbook.java:274)
at org.apache.poi.xssf.usermodel.XSSFWorkbook.<init>(XSSFWorkbook.java:304)
at org.apache.poi.xssf.usermodel.XSSFWorkbook.<init>(XSSFWorkbook.java:300)
at com.banking.xlUtils.excelUtils.getRowCount(excelUtils.java:39)
at com.banking.tests.TC_InvalidLoginTest.getData(TC_InvalidLoginTest.java:71)
at java.base/jdk.internal.reflect.NativeMethodAccessorImpl.invoke0(Native Method)
at java.base/jdk.internal.reflect.NativeMethodAccessorImpl.invoke(NativeMethodAccessorImpl.java:62)
at java.base/jdk.internal.reflect.DelegatingMethodAccessorImpl.invoke(DelegatingMethodAccessorImpl.java:43)
at java.base/java.lang.reflect.Method.invoke(Method.java:566)
at org.testng.internal.invokers.MethodInvocationHelper.invokeMethod(MethodInvocationHelper.java:135)
at org.testng.internal.invokers.MethodInvocationHelper.invokeMethod(MethodInvocationHelper.java:80)
at org.testng.internal.invokers.MethodInvocationHelper.invokeMethodNoCheckedException(MethodInvocationHelper.java:49)
... 25 more
]]>
            </full-stacktrace>
          </exception> <!-- java.lang.RuntimeException -->
          <reporter-output>
          </reporter-output>
        </test-method> <!-- invalidlogin -->
        <test-method is-config="true" signature="teardown()[pri:0, instance:com.banking.tests.TC_InvalidLoginTest@2dc54ad4]" started-at="2022-02-04T16:13:33 IST" name="teardown" finished-at="2022-02-04T16:13:35 IST" duration-ms="1517" status="PASS">
          <reporter-output>
          </reporter-output>
        </test-method> <!-- teardown -->
      </class> <!-- com.banking.tests.TC_InvalidLoginTest -->
      <class name="com.banking.tests.Tc_LoginTest">
        <test-method is-config="true" signature="setup(java.lang.String)[pri:0, instance:com.banking.tests.Tc_LoginTest@61001b64]" started-at="2022-02-04T16:12:43 IST" name="setup" finished-at="2022-02-04T16:13:02 IST" duration-ms="18979" status="PASS">
          <params>
            <param index="0">
              <value>
                <![CDATA[chrome]]>
              </value>
            </param>
          </params>
          <reporter-output>
          </reporter-output>
        </test-method> <!-- setup -->
        <test-method signature="logintest()[pri:1, instance:com.banking.tests.Tc_LoginTest@61001b64]" started-at="2022-02-04T16:13:02 IST" name="logintest" finished-at="2022-02-04T16:13:14 IST" duration-ms="12145" status="PASS">
          <reporter-output>
          </reporter-output>
        </test-method> <!-- logintest -->
        <test-method signature="verifyPagetitle()[pri:2, instance:com.banking.tests.Tc_LoginTest@61001b64]" started-at="2022-02-04T16:13:14 IST" name="verifyPagetitle" finished-at="2022-02-04T16:13:14 IST" duration-ms="68" status="PASS">
          <reporter-output>
          </reporter-output>
        </test-method> <!-- verifyPagetitle -->
        <test-method is-config="true" signature="teardown()[pri:0, instance:com.banking.tests.Tc_LoginTest@61001b64]" started-at="2022-02-04T16:13:14 IST" name="teardown" finished-at="2022-02-04T16:13:15 IST" duration-ms="1342" status="PASS">
          <reporter-output>
          </reporter-output>
        </test-method> <!-- teardown -->
      </class> <!-- com.banking.tests.Tc_LoginTest -->
    </test> <!-- Test -->
  </suite> <!-- Suite -->
</testng-results>
